# JRE version: Java(TM) SE Runtime Environment (15.0.1+9) (build 15.0.1+9-18)
# Java VM: Java HotSpot(TM) 64-Bit Server VM (15.0.1+9-18, mixed mode, sharing, tiered, compressed oops, g1 gc, windows-amd64)
GC Precious Log:
 CPUs: 4 total, 4 available
 Memory: 7943M
 Large Page Support: Disabled
 NUMA Support: Disabled
 Compressed Oops: Enabled (32-bit)
 Heap Region Size: 1M
 Heap Min Capacity: 8M
 Heap Initial Capacity: 126M
 Heap Max Capacity: 1986M
 Pre-touch: Disabled
 Parallel Workers: 4
 Concurrent Workers: 1
 Concurrent Refinement Workers: 4
 Periodic GC: Disabled
Heap:
 garbage-first heap   total 997376K, used 312443K [0x0000000083e00000, 0x0000000100000000)
  region size 1024K, 6 young (6144K), 6 survivors (6144K)
 Metaspace       used 25577K, capacity 25843K, committed 26032K, reserved 1073152K
  class space    used 2640K, capacity 2736K, committed 2816K, reserved 1048576K
GC Heap History (20 events):
Event: 26.580 GC heap after
{Heap after GC invocations=21 (full 0):
 garbage-first heap   total 224256K, used 115246K [0x0000000083e00000, 0x0000000100000000)
  region size 1024K, 4 young (4096K), 4 survivors (4096K)
 Metaspace       used 25577K, capacity 25843K, committed 26032K, reserved 1073152K
  class space    used 2640K, capacity 2736K, committed 2816K, reserved 1048576K
}
Event: 26.665 GC heap before
{Heap before GC invocations=22 (full 0):
 garbage-first heap   total 224256K, used 130606K [0x0000000083e00000, 0x0000000100000000)
  region size 1024K, 20 young (20480K), 4 survivors (4096K)
 Metaspace       used 25577K, capacity 25843K, committed 26032K, reserved 1073152K
  class space    used 2640K, capacity 2736K, committed 2816K, reserved 1048576K
}
Event: 26.673 GC heap after
{Heap after GC invocations=23 (full 0):
 garbage-first heap   total 224256K, used 116660K [0x0000000083e00000, 0x0000000100000000)
  region size 1024K, 5 young (5120K), 5 survivors (5120K)
 Metaspace       used 25577K, capacity 25843K, committed 26032K, reserved 1073152K
  class space    used 2640K, capacity 2736K, committed 2816K, reserved 1048576K
}
Event: 27.881 GC heap before
{Heap before GC invocations=24 (full 0):
 garbage-first heap   total 265216K, used 177076K [0x0000000083e00000, 0x0000000100000000)
  region size 1024K, 45 young (46080K), 5 survivors (5120K)
 Metaspace       used 25577K, capacity 25843K, committed 26032K, reserved 1073152K
  class space    used 2640K, capacity 2736K, committed 2816K, reserved 1048576K
}
Event: 27.896 GC heap after
{Heap after GC invocations=25 (full 0):
 garbage-first heap   total 338944K, used 128408K [0x0000000083e00000, 0x0000000100000000)
  region size 1024K, 6 young (6144K), 6 survivors (6144K)
 Metaspace       used 25577K, capacity 25843K, committed 26032K, reserved 1073152K
  class space    used 2640K, capacity 2736K, committed 2816K, reserved 1048576K
}
Event: 28.525 GC heap before
{Heap before GC invocations=25 (full 0):
 garbage-first heap   total 338944K, used 179608K [0x0000000083e00000, 0x0000000100000000)
  region size 1024K, 57 young (58368K), 6 survivors (6144K)
 Metaspace       used 25577K, capacity 25843K, committed 26032K, reserved 1073152K
  class space    used 2640K, capacity 2736K, committed 2816K, reserved 1048576K
}
Event: 28.538 GC heap after
{Heap after GC invocations=26 (full 0):
 garbage-first heap   total 338944K, used 131723K [0x0000000083e00000, 0x0000000100000000)
  region size 1024K, 9 young (9216K), 9 survivors (9216K)
 Metaspace       used 25577K, capacity 25843K, committed 26032K, reserved 1073152K
  class space    used 2640K, capacity 2736K, committed 2816K, reserved 1048576K
}
Event: 29.473 GC heap before
{Heap before GC invocations=27 (full 0):
 garbage-first heap   total 338944K, used 266891K [0x0000000083e00000, 0x0000000100000000)
  region size 1024K, 104 young (106496K), 9 survivors (9216K)
 Metaspace       used 25577K, capacity 25843K, committed 26032K, reserved 1073152K
  class space    used 2640K, capacity 2736K, committed 2816K, reserved 1048576K
}
Event: 29.495 GC heap after
{Heap after GC invocations=28 (full 0):
 garbage-first heap   total 338944K, used 156571K [0x0000000083e00000, 0x0000000100000000)
  region size 1024K, 13 young (13312K), 13 survivors (13312K)
 Metaspace       used 25577K, capacity 25843K, committed 26032K, reserved 1073152K
  class space    used 2640K, capacity 2736K, committed 2816K, reserved 1048576K
}
Event: 29.684 GC heap before
{Heap before GC invocations=28 (full 0):
 garbage-first heap   total 338944K, used 244635K [0x0000000083e00000, 0x0000000100000000)
  region size 1024K, 100 young (102400K), 13 survivors (13312K)
 Metaspace       used 25577K, capacity 25843K, committed 26032K, reserved 1073152K
  class space    used 2640K, capacity 2736K, committed 2816K, reserved 1048576K
}
Event: 29.704 GC heap after
{Heap after GC invocations=29 (full 0):
 garbage-first heap   total 338944K, used 162716K [0x0000000083e00000, 0x0000000100000000)
  region size 1024K, 13 young (13312K), 13 survivors (13312K)
 Metaspace       used 25577K, capacity 25843K, committed 26032K, reserved 1073152K
  class space    used 2640K, capacity 2736K, committed 2816K, reserved 1048576K
}
Event: 29.935 GC heap before
{Heap before GC invocations=29 (full 0):
 garbage-first heap   total 338944K, used 335772K [0x0000000083e00000, 0x0000000100000000)
  region size 1024K, 108 young (110592K), 13 survivors (13312K)
 Metaspace       used 25577K, capacity 25843K, committed 26032K, reserved 1073152K
  class space    used 2640K, capacity 2736K, committed 2816K, reserved 1048576K
}
Event: 30.000 GC heap after
{Heap after GC invocations=30 (full 0):
 garbage-first heap   total 423936K, used 207196K [0x0000000083e00000, 0x0000000100000000)
  region size 1024K, 13 young (13312K), 13 survivors (13312K)
 Metaspace       used 25577K, capacity 25843K, committed 26032K, reserved 1073152K
  class space    used 2640K, capacity 2736K, committed 2816K, reserved 1048576K
}
Event: 31.117 GC heap before
{Heap before GC invocations=31 (full 0):
 garbage-first heap   total 423936K, used 336220K [0x0000000083e00000, 0x0000000100000000)
  region size 1024K, 139 young (142336K), 13 survivors (13312K)
 Metaspace       used 25577K, capacity 25843K, committed 26032K, reserved 1073152K
  class space    used 2640K, capacity 2736K, committed 2816K, reserved 1048576K
}
Event: 31.141 GC heap after
{Heap after GC invocations=32 (full 0):
 garbage-first heap   total 423936K, used 215499K [0x0000000083e00000, 0x0000000100000000)
  region size 1024K, 15 young (15360K), 15 survivors (15360K)
 Metaspace       used 25577K, capacity 25843K, committed 26032K, reserved 1073152K
  class space    used 2640K, capacity 2736K, committed 2816K, reserved 1048576K
}
Event: 31.331 GC heap before
{Heap before GC invocations=32 (full 0):
 garbage-first heap   total 423936K, used 340427K [0x0000000083e00000, 0x0000000100000000)
  region size 1024K, 137 young (140288K), 15 survivors (15360K)
 Metaspace       used 25577K, capacity 25843K, committed 26032K, reserved 1073152K
  class space    used 2640K, capacity 2736K, committed 2816K, reserved 1048576K
}
Event: 31.560 GC heap after
{Heap after GC invocations=33 (full 0):
 garbage-first heap   total 423936K, used 223624K [0x0000000083e00000, 0x0000000100000000)
  region size 1024K, 17 young (17408K), 17 survivors (17408K)
 Metaspace       used 25577K, capacity 25843K, committed 26032K, reserved 1073152K
  class space    used 2640K, capacity 2736K, committed 2816K, reserved 1048576K
}
Event: 32.538 GC heap before
{Heap before GC invocations=33 (full 0):
 garbage-first heap   total 574464K, used 497032K [0x0000000083e00000, 0x0000000100000000)
  region size 1024K, 137 young (140288K), 17 survivors (17408K)
 Metaspace       used 25577K, capacity 25843K, committed 26032K, reserved 1073152K
  class space    used 2640K, capacity 2736K, committed 2816K, reserved 1048576K
}
Event: 32.750 GC heap after
{Heap after GC invocations=34 (full 0):
 garbage-first heap   total 574464K, used 307168K [0x0000000083e00000, 0x0000000100000000)
  region size 1024K, 17 young (17408K), 17 survivors (17408K)
 Metaspace       used 25577K, capacity 25843K, committed 26032K, reserved 1073152K
  class space    used 2640K, capacity 2736K, committed 2816K, reserved 1048576K
}
Event: 32.984 GC heap before
{Heap before GC invocations=34 (full 0):
 garbage-first heap   total 574464K, used 377824K [0x0000000083e00000, 0x0000000100000000)
  region size 1024K, 86 young (88064K), 17 survivors (17408K)
 Metaspace       used 25577K, capacity 25843K, committed 26032K, reserved 1073152K
  class space    used 2640K, capacity 2736K, committed 2816K, reserved 1048576K
}

